<?xml version="1.0" encoding="UTF-8"?>
<testsuite xmlns:xsi="http://www.w3.org/2001/XMLSchema-instance" xsi:noNamespaceSchemaLocation="https://maven.apache.org/surefire/maven-surefire-plugin/xsd/surefire-test-report-3.0.xsd" version="3.0" name="CommonTest" time="0.402" tests="11" errors="0" skipped="0" failures="0">
  <properties>
    <property name="java.specification.version" value="17"/>
    <property name="sun.cpu.isalist" value="amd64"/>
    <property name="sun.jnu.encoding" value="Cp1252"/>
    <property name="java.class.path" value="C:\Users\hasan\Documents\NetBeansProjects\mavenproject3\target\test-classes;C:\Users\hasan\.m2\repository\org\openjfx\javafx-controls\16-ea+7\javafx-controls-16-ea+7.jar;C:\Users\hasan\.m2\repository\org\openjfx\javafx-graphics\16-ea+7\javafx-graphics-16-ea+7.jar;C:\Users\hasan\.m2\repository\org\openjfx\javafx-base\16-ea+7\javafx-base-16-ea+7.jar;C:\Users\hasan\.m2\repository\org\openjfx\javafx-fxml\17.0.1\javafx-fxml-17.0.1.jar;C:\Users\hasan\.m2\repository\mysql\mysql-connector-java\8.0.28\mysql-connector-java-8.0.28.jar;C:\Users\hasan\.m2\repository\com\google\protobuf\protobuf-java\3.11.4\protobuf-java-3.11.4.jar;C:\Users\hasan\.m2\repository\org\junit\jupiter\junit-jupiter-engine\5.4.2\junit-jupiter-engine-5.4.2.jar;C:\Users\hasan\.m2\repository\org\apiguardian\apiguardian-api\1.0.0\apiguardian-api-1.0.0.jar;C:\Users\hasan\.m2\repository\org\junit\platform\junit-platform-engine\1.8.2\junit-platform-engine-1.8.2.jar;C:\Users\hasan\.m2\repository\org\opentest4j\opentest4j\1.2.0\opentest4j-1.2.0.jar;C:\Users\hasan\.m2\repository\org\junit\platform\junit-platform-commons\1.8.2\junit-platform-commons-1.8.2.jar;"/>
    <property name="java.vm.vendor" value="Azul Systems, Inc."/>
    <property name="sun.arch.data.model" value="64"/>
    <property name="user.variant" value=""/>
    <property name="java.vendor.url" value="http://www.azul.com/"/>
    <property name="user.timezone" value="Asia/Singapore"/>
    <property name="os.name" value="Windows 11"/>
    <property name="java.vm.specification.version" value="17"/>
    <property name="user.country" value="US"/>
    <property name="sun.java.launcher" value="SUN_STANDARD"/>
    <property name="sun.boot.library.path" value="C:\Program Files\Java\zulu-17\bin"/>
    <property name="sun.java.command" value="org.apache.maven.surefire.booter.ForkedBooter C:\Users\hasan\AppData\Local\Temp\surefire17621727500007258022 2022-08-04T13-15-20_476-jvmRun1 surefire-20220804131521732_1tmp surefire_0-20220804131521732_2tmp"/>
    <property name="jdk.debug" value="release"/>
    <property name="surefire.test.class.path" value="C:\Users\hasan\Documents\NetBeansProjects\mavenproject3\target\test-classes;C:\Users\hasan\.m2\repository\org\openjfx\javafx-controls\16-ea+7\javafx-controls-16-ea+7.jar;C:\Users\hasan\.m2\repository\org\openjfx\javafx-graphics\16-ea+7\javafx-graphics-16-ea+7.jar;C:\Users\hasan\.m2\repository\org\openjfx\javafx-base\16-ea+7\javafx-base-16-ea+7.jar;C:\Users\hasan\.m2\repository\org\openjfx\javafx-fxml\17.0.1\javafx-fxml-17.0.1.jar;C:\Users\hasan\.m2\repository\mysql\mysql-connector-java\8.0.28\mysql-connector-java-8.0.28.jar;C:\Users\hasan\.m2\repository\com\google\protobuf\protobuf-java\3.11.4\protobuf-java-3.11.4.jar;C:\Users\hasan\.m2\repository\org\junit\jupiter\junit-jupiter-engine\5.4.2\junit-jupiter-engine-5.4.2.jar;C:\Users\hasan\.m2\repository\org\apiguardian\apiguardian-api\1.0.0\apiguardian-api-1.0.0.jar;C:\Users\hasan\.m2\repository\org\junit\platform\junit-platform-engine\1.8.2\junit-platform-engine-1.8.2.jar;C:\Users\hasan\.m2\repository\org\opentest4j\opentest4j\1.2.0\opentest4j-1.2.0.jar;C:\Users\hasan\.m2\repository\org\junit\platform\junit-platform-commons\1.8.2\junit-platform-commons-1.8.2.jar;"/>
    <property name="sun.cpu.endian" value="little"/>
    <property name="user.home" value="C:\Users\hasan"/>
    <property name="user.language" value="en"/>
    <property name="java.specification.vendor" value="Oracle Corporation"/>
    <property name="jdk.module.path" value="C:\Users\hasan\Documents\NetBeansProjects\mavenproject3\target\classes;C:\Users\hasan\.m2\repository\org\openjfx\javafx-controls\16-ea+7\javafx-controls-16-ea+7-win.jar;C:\Users\hasan\.m2\repository\org\openjfx\javafx-graphics\16-ea+7\javafx-graphics-16-ea+7-win.jar;C:\Users\hasan\.m2\repository\org\openjfx\javafx-base\16-ea+7\javafx-base-16-ea+7-win.jar;C:\Users\hasan\.m2\repository\com\fasterxml\jackson\core\jackson-core\2.13.0\jackson-core-2.13.0.jar;C:\Users\hasan\.m2\repository\com\fasterxml\jackson\core\jackson-databind\2.13.0\jackson-databind-2.13.0.jar;C:\Users\hasan\.m2\repository\com\fasterxml\jackson\core\jackson-annotations\2.13.0\jackson-annotations-2.13.0.jar;C:\Users\hasan\.m2\repository\org\openjfx\javafx-fxml\17.0.1\javafx-fxml-17.0.1-win.jar;C:\Users\hasan\.m2\repository\org\junit\jupiter\junit-jupiter-api\5.4.2\junit-jupiter-api-5.4.2.jar;C:\Users\hasan\.m2\repository\org\junit\jupiter\junit-jupiter-params\5.4.2\junit-jupiter-params-5.4.2.jar"/>
    <property name="java.version.date" value="2022-01-18"/>
    <property name="java.home" value="C:\Program Files\Java\zulu-17"/>
    <property name="file.separator" value="\"/>
    <property name="basedir" value="C:\Users\hasan\Documents\NetBeansProjects\mavenproject3"/>
    <property name="java.vm.compressedOopsMode" value="Zero based"/>
    <property name="line.separator" value="&#10;"/>
    <property name="java.vm.specification.vendor" value="Oracle Corporation"/>
    <property name="java.specification.name" value="Java Platform API Specification"/>
    <property name="surefire.real.class.path" value="C:\Users\hasan\.m2\repository\org\apache\maven\surefire\surefire-booter\3.0.0-M7\surefire-booter-3.0.0-M7.jar;C:\Users\hasan\.m2\repository\org\apache\maven\surefire\surefire-api\3.0.0-M7\surefire-api-3.0.0-M7.jar;C:\Users\hasan\.m2\repository\org\apache\maven\surefire\surefire-logger-api\3.0.0-M7\surefire-logger-api-3.0.0-M7.jar;C:\Users\hasan\.m2\repository\org\apache\maven\surefire\surefire-shared-utils\3.0.0-M7\surefire-shared-utils-3.0.0-M7.jar;C:\Users\hasan\.m2\repository\org\apache\maven\surefire\surefire-extensions-spi\3.0.0-M7\surefire-extensions-spi-3.0.0-M7.jar;C:\Users\hasan\Documents\NetBeansProjects\mavenproject3\target\test-classes;C:\Users\hasan\.m2\repository\org\openjfx\javafx-controls\16-ea+7\javafx-controls-16-ea+7.jar;C:\Users\hasan\.m2\repository\org\openjfx\javafx-graphics\16-ea+7\javafx-graphics-16-ea+7.jar;C:\Users\hasan\.m2\repository\org\openjfx\javafx-base\16-ea+7\javafx-base-16-ea+7.jar;C:\Users\hasan\.m2\repository\org\openjfx\javafx-fxml\17.0.1\javafx-fxml-17.0.1.jar;C:\Users\hasan\.m2\repository\mysql\mysql-connector-java\8.0.28\mysql-connector-java-8.0.28.jar;C:\Users\hasan\.m2\repository\com\google\protobuf\protobuf-java\3.11.4\protobuf-java-3.11.4.jar;C:\Users\hasan\.m2\repository\org\junit\jupiter\junit-jupiter-engine\5.4.2\junit-jupiter-engine-5.4.2.jar;C:\Users\hasan\.m2\repository\org\apiguardian\apiguardian-api\1.0.0\apiguardian-api-1.0.0.jar;C:\Users\hasan\.m2\repository\org\junit\platform\junit-platform-engine\1.8.2\junit-platform-engine-1.8.2.jar;C:\Users\hasan\.m2\repository\org\opentest4j\opentest4j\1.2.0\opentest4j-1.2.0.jar;C:\Users\hasan\.m2\repository\org\junit\platform\junit-platform-commons\1.8.2\junit-platform-commons-1.8.2.jar;C:\Users\hasan\.m2\repository\org\apache\maven\surefire\surefire-junit-platform\3.0.0-M7\surefire-junit-platform-3.0.0-M7.jar;C:\Users\hasan\.m2\repository\org\apache\maven\surefire\common-java5\3.0.0-M7\common-java5-3.0.0-M7.jar;C:\Users\hasan\.m2\repository\org\junit\platform\junit-platform-launcher\1.8.2\junit-platform-launcher-1.8.2.jar"/>
    <property name="user.script" value=""/>
    <property name="sun.management.compiler" value="HotSpot 64-Bit Tiered Compilers"/>
    <property name="java.runtime.version" value="17.0.2+8-LTS"/>
    <property name="user.name" value="hasan"/>
    <property name="path.separator" value=";"/>
    <property name="os.version" value="10.0"/>
    <property name="java.runtime.name" value="OpenJDK Runtime Environment"/>
    <property name="file.encoding" value="UTF-8"/>
    <property name="java.vm.name" value="OpenJDK 64-Bit Server VM"/>
    <property name="java.vendor.version" value="Zulu17.32+13-CA"/>
    <property name="maven.ext.class.path" value="C:\Program Files\NetBeans-12.6\netbeans\java\maven-nblib\netbeans-eventspy.jar"/>
    <property name="localRepository" value="C:\Users\hasan\.m2\repository"/>
    <property name="java.vendor.url.bug" value="http://www.azul.com/support/"/>
    <property name="java.io.tmpdir" value="C:\Users\hasan\AppData\Local\Temp\"/>
    <property name="java.version" value="17.0.2"/>
    <property name="user.dir" value="C:\Users\hasan\Documents\NetBeansProjects\mavenproject3"/>
    <property name="os.arch" value="amd64"/>
    <property name="java.vm.specification.name" value="Java Virtual Machine Specification"/>
    <property name="sun.os.patch.level" value=""/>
    <property name="native.encoding" value="Cp1252"/>
    <property name="java.library.path" value="C:\Program Files\Java\zulu-17\bin;C:\WINDOWS\Sun\Java\bin;C:\WINDOWS\system32;C:\WINDOWS;C:\Program Files\Java\zulu-17\bin\;C:\Program Files (x86)\NVIDIA Corporation\PhysX\Common;C:\Program Files\Common Files\Oracle\Java\javapath;C:\Program Files (x86)\Common Files\Oracle\Java\javapath;C:\WINDOWS\system32;C:\WINDOWS;C:\WINDOWS\System32\Wbem;C:\WINDOWS\System32\WindowsPowerShell\v1.0\;C:\WINDOWS\System32\OpenSSH\;C:\Program Files\dotnet\;C:\Program Files\Microsoft SQL Server\130\Tools\Binn\;C:\Program Files\Microsoft SQL Server\Client SDK\ODBC\170\Tools\Binn\;C:\Program Files (x86)\Calibre2\;C:\Program Files\Microsoft SQL Server\120\Tools\Binn\;C:\Program Files\Common Files\Autodesk Shared\;C:\Program Files\MATLAB\R2018b\runtime\win64;C:\Program Files\MATLAB\R2018b\bin;C:\Program Files\Microsoft SQL Server\Client SDK\ODBC\110\Tools\Binn\;C:\Program Files (x86)\Microsoft SQL Server\120\Tools\Binn\;C:\Program Files\Microsoft SQL Server\120\DTS\Binn\;C:\Program Files (x86)\Windows Kits\8.1\Windows Performance Toolkit\;C:\Program Files\Git\cmd;C:\Users\hasan\AppData\Local\Programs\Python\Python310\Scripts\;C:\Users\hasan\AppData\Local\Programs\Python\Python310\;C:\Program Files\MySQL\MySQL Shell 8.0\bin\;C:\Users\hasan\AppData\Local\Microsoft\WindowsApps;C:\Users\hasan\.dotnet\tools;C:\Program Files (x86)\REFPROP\;C:\Program Files\NetBeans-12.0\netbeans\dart-sass;;C:\Users\hasan\AppData\Local\Programs\Microsoft VS Code\bin;C:\Users\hasan\AppData\Local\Coursier\data\bin;C:\Program Files\JetBrains\IntelliJ IDEA Community Edition 2021.3.3\bin;;."/>
    <property name="java.vm.info" value="mixed mode"/>
    <property name="java.vendor" value="Azul Systems, Inc."/>
    <property name="java.vm.version" value="17.0.2+8-LTS"/>
    <property name="sun.io.unicode.encoding" value="UnicodeLittle"/>
    <property name="java.class.version" value="61.0"/>
  </properties>
  <testcase name="teststringlist(TestInfo, RepetitionInfo)[1]" classname="CommonTest" time="0.18">
    <system-err><![CDATA[Testing string to list and reverse operation
Repeatation 1 of 1
]]></system-err>
  </testcase>
  <testcase name="teststringlist(TestInfo, RepetitionInfo)[2]" classname="CommonTest" time="0.004">
    <system-err><![CDATA[Repeatation 2 of 2
]]></system-err>
  </testcase>
  <testcase name="teststringlist(TestInfo, RepetitionInfo)[3]" classname="CommonTest" time="0.006">
    <system-err><![CDATA[Repeatation 3 of 3
]]></system-err>
  </testcase>
  <testcase name="teststringlist(TestInfo, RepetitionInfo)[4]" classname="CommonTest" time="0.003">
    <system-err><![CDATA[Repeatation 4 of 4
]]></system-err>
  </testcase>
  <testcase name="teststringlist(TestInfo, RepetitionInfo)[5]" classname="CommonTest" time="0.004">
    <system-err><![CDATA[Repeatation 5 of 5
]]></system-err>
  </testcase>
  <testcase name="teststringlist(TestInfo, RepetitionInfo)[6]" classname="CommonTest" time="0.004">
    <system-err><![CDATA[Repeatation 6 of 6
]]></system-err>
  </testcase>
  <testcase name="teststringlist(TestInfo, RepetitionInfo)[7]" classname="CommonTest" time="0.005">
    <system-err><![CDATA[Repeatation 7 of 7
]]></system-err>
  </testcase>
  <testcase name="teststringlist(TestInfo, RepetitionInfo)[8]" classname="CommonTest" time="0.003">
    <system-err><![CDATA[Repeatation 8 of 8
]]></system-err>
  </testcase>
  <testcase name="teststringlist(TestInfo, RepetitionInfo)[9]" classname="CommonTest" time="0.004">
    <system-err><![CDATA[Repeatation 9 of 9
]]></system-err>
  </testcase>
  <testcase name="teststringlist(TestInfo, RepetitionInfo)[10]" classname="CommonTest" time="0.003">
    <system-err><![CDATA[Repeatation 10 of 10
]]></system-err>
  </testcase>
  <testcase name="RISTest(int, String, int, int, int)[1]" classname="CommonTest" time="0.05">
    <system-err><![CDATA[---Test RIS Reader function.----
----------
Test Case=1
File Name=citations.ris
Number of Citation was correct
Number of authors was correct
End of RISTest for testcase 1
 -----------
]]></system-err>
  </testcase>
</testsuite>